# Logfile created on 2022-08-27 13:39:52 -0300 by logger.rb/v1.4.2
I, [2022-08-27T13:39:52.692762 #51284]  INFO -- : 1 / 2 / 3 = 6
I, [2022-08-27T13:39:52.694381 #51284]  INFO -- : 1 - 2 - 3.0 = 6
I, [2022-08-27T13:42:46.897623 #51940]  INFO -- : 1 - 2 - 3 = 6
I, [2022-08-27T13:42:46.897969 #51940]  INFO -- : 1 / 2 / 3 = 6
I, [2022-08-27T13:49:48.522499 #53158]  INFO -- : 1 + 2 + 3 = 6
I, [2022-08-27T13:49:48.522899 #53158]  INFO -- : 1 / 2 / 3.0 = 6
I, [2022-08-27T13:50:23.334958 #53353]  INFO -- : 1 - 2 - 3 = 6
I, [2022-08-27T13:50:23.335571 #53353]  INFO -- : 1 / 2 / 3.0 = 6
I, [2022-08-27T13:50:57.017399 #53541]  INFO -- : 1 / 2 / 3 = 6
I, [2022-08-27T13:50:57.017898 #53541]  INFO -- : 1 / 2 / 3.0 = 6
I, [2022-08-27T13:51:42.173619 #53799]  INFO -- : 1 + 2 + 3 = 6
I, [2022-08-27T13:51:42.173974 #53799]  INFO -- : 1 * 2 * 3 = 6
I, [2022-08-27T13:52:07.862233 #53991]  INFO -- : 1 / 2 / 3.0 = 6
I, [2022-08-27T13:52:07.862592 #53991]  INFO -- : 1 * 2 * 3 = 6
I, [2022-08-27T13:52:49.995318 #54195]  INFO -- : 1 / 2 / 3 = 6
I, [2022-08-27T13:52:49.995734 #54195]  INFO -- : 1 * 2 * 3 = 6
I, [2022-08-27T13:53:05.098315 #54376]  INFO -- : 1 * 2 * 3 = 6
I, [2022-08-27T13:53:05.098834 #54376]  INFO -- : 1 - 2 - 3 = 6
I, [2022-08-27T13:53:22.353529 #54545]  INFO -- : 1 * 2 * 3.0 = 6
I, [2022-08-27T13:53:22.354978 #54545]  INFO -- : 1 / 2 / 3 = 6
I, [2022-08-27T13:55:54.632373 #55465]  INFO -- : 1 / 2 / 3 = 6
I, [2022-08-27T13:55:54.633312 #55465]  INFO -- : 1 / 2 / 3 = 6
I, [2022-08-27T13:57:47.393558 #55738]  INFO -- : 1 - 2 - 3.0 = 6
I, [2022-08-27T13:57:47.394203 #55738]  INFO -- : 1 * 2 * 3.0 = 6
I, [2022-08-27T13:58:50.716768 #56045]  INFO -- : 1 * 2 * 3 = 6
I, [2022-08-27T13:58:50.717365 #56045]  INFO -- : 1 / 2 / 3 = 6
I, [2022-08-27T13:59:30.979487 #56244]  INFO -- : 1 - 2 - 3.0 = 6
I, [2022-08-27T13:59:30.980145 #56244]  INFO -- : 1 + 2 + 3 = 6
I, [2022-08-27T14:01:36.098152 #56487]  INFO -- : 1 * 2 * 3 = 6
I, [2022-08-27T14:01:36.099907 #56487]  INFO -- : 1 + 2 + 3.0 = 6
I, [2022-08-27T14:01:44.845906 #56661]  INFO -- : 1 - 2 - 3 = 6
I, [2022-08-27T14:01:44.846234 #56661]  INFO -- : 1 * 2 * 3 = 6
I, [2022-08-27T14:02:19.814730 #56824]  INFO -- : 1 / 2 / 3 = 6
I, [2022-08-27T14:02:19.815120 #56824]  INFO -- : 1 * 2 * 3.0 = 6
I, [2022-08-27T14:04:19.373336 #57298]  INFO -- : 1 / 2 / 3 = 6
I, [2022-08-27T14:04:19.374248 #57298]  INFO -- : 1 / 2 / 3 = 6
I, [2022-08-27T14:09:01.950887 #58481]  INFO -- : 1 * 2 * 3 = 6
I, [2022-08-27T14:09:01.951367 #58481]  INFO -- : 1 * 2 * 3 = 6
I, [2022-08-27T14:09:56.057277 #59029]  INFO -- : 1 / 2 / 3 = 6
I, [2022-08-27T14:09:56.057596 #59029]  INFO -- : 1 * 2 * 3.0 = 6
I, [2022-08-27T14:10:18.573007 #59214]  INFO -- : 1 - 2 - 3 = 6
I, [2022-08-27T14:10:18.573659 #59214]  INFO -- : 1 + 2 + 3.0 = 6
I, [2022-08-27T14:10:49.433543 #59427]  INFO -- : 1 + 2 + 3 = 6
I, [2022-08-27T14:10:49.434341 #59427]  INFO -- : 1 / 2 / 3 = 6
I, [2022-08-27T14:11:10.343129 #59623]  INFO -- : 1 + 2 + 3 = 6
I, [2022-08-27T14:11:10.343580 #59623]  INFO -- : 1 / 2 / 3 = 6
I, [2022-08-27T14:12:15.177440 #59839]  INFO -- : 1 * 2 * 3.0 = 6
I, [2022-08-27T14:12:15.178021 #59839]  INFO -- : 1 * 2 * 3 = 6
I, [2022-08-27T14:52:14.230878 #67432]  INFO -- : 1 - 2 - 3.0 = 6
I, [2022-08-27T14:52:14.231726 #67432]  INFO -- : 1 - 2 - 3 = 6
I, [2022-08-27T14:52:29.284106 #67613]  INFO -- : 1 - 2 - 3 = 6
I, [2022-08-27T14:52:29.284493 #67613]  INFO -- : 1 + 2 + 3.0 = 6
I, [2022-08-27T14:52:51.254349 #67801]  INFO -- : 1 + 2 + 3 = 6
I, [2022-08-27T14:52:51.254725 #67801]  INFO -- : 1 / 2 / 3.0 = 6
I, [2022-08-27T14:53:27.902491 #68032]  INFO -- : 1 * 2 * 3 = 6
I, [2022-08-27T14:53:27.902932 #68032]  INFO -- : 1 / 2 / 3 = 6
I, [2022-08-27T14:54:04.722030 #68231]  INFO -- : 1 / 2 / 3 = 6
I, [2022-08-27T14:54:04.722438 #68231]  INFO -- : 1 + 2 + 3 = 6
I, [2022-08-27T14:54:16.454095 #68406]  INFO -- : 1 / 2 / 3 = 6
I, [2022-08-27T14:54:16.454543 #68406]  INFO -- : 1 + 2 + 3 = 6
I, [2022-08-27T14:55:50.093283 #68742]  INFO -- : 1 / 2 / 3.0 = 6
I, [2022-08-27T14:55:50.093733 #68742]  INFO -- : 1 + 2 + 3 = 6
I, [2022-08-27T14:57:45.236194 #69081]  INFO -- : 1 / 2 / 3 = 6
I, [2022-08-27T14:57:45.236549 #69081]  INFO -- : 1 + 2 + 3 = 6
I, [2022-08-27T14:57:51.948887 #69255]  INFO -- : 1 - 2 - 3.0 = 6
I, [2022-08-27T14:57:51.949355 #69255]  INFO -- : 1 / 2 / 3 = 6
I, [2022-08-27T14:57:55.703769 #69403]  INFO -- : 1 / 2 / 3 = 6
I, [2022-08-27T14:57:55.704262 #69403]  INFO -- : 1 * 2 * 3.0 = 6
I, [2022-08-27T14:59:37.687531 #69753]  INFO -- : 1 * 2 * 3.0 = 6
I, [2022-08-27T14:59:37.688571 #69753]  INFO -- : 1 - 2 - 3 = 6
I, [2022-08-27T15:02:05.183414 #70394]  INFO -- : 1 + 2 + 3 = 6
I, [2022-08-27T15:02:05.184060 #70394]  INFO -- : 1 / 2 / 3.0 = 6
I, [2022-08-27T15:02:45.670874 #70600]  INFO -- : 1 + 2 + 3 = 6
I, [2022-08-27T15:02:45.671272 #70600]  INFO -- : 1 + 2 + 3.0 = 6
I, [2022-08-27T15:03:18.098675 #70837]  INFO -- : 1 + 2 + 3 = 6
I, [2022-08-27T15:03:18.099585 #70837]  INFO -- : 1 + 2 + 3.0 = 6
I, [2022-08-27T15:03:21.823115 #70981]  INFO -- : 1 / 2 / 3 = 6
I, [2022-08-27T15:03:21.823833 #70981]  INFO -- : 1 - 2 - 3.0 = 6
I, [2022-08-27T15:03:56.797831 #71207]  INFO -- : 1 - 2 - 3 = 6
I, [2022-08-27T15:03:56.798409 #71207]  INFO -- : 1 / 2 / 3 = 6
I, [2022-08-27T15:04:03.073935 #71382]  INFO -- : 1 + 2 + 3 = 6
I, [2022-08-27T15:04:03.074379 #71382]  INFO -- : 1 + 2 + 3 = 6
I, [2022-08-27T15:09:33.461010 #72685]  INFO -- : 1 - 2 - 3 = 6
I, [2022-08-27T15:09:33.461360 #72685]  INFO -- : 1 - 2 - 3 = 6
I, [2022-08-27T15:11:18.198209 #73175]  INFO -- : 1 * 2 * 3.0 = 6
I, [2022-08-27T15:11:18.198621 #73175]  INFO -- : 1 + 2 + 3 = 6
I, [2022-08-27T15:11:55.116716 #73411]  INFO -- : 1 / 2 / 3.0 = 6
I, [2022-08-27T15:11:55.117114 #73411]  INFO -- : 1 - 2 - 3.0 = 6
I, [2022-08-27T15:12:23.942822 #73601]  INFO -- : 1 * 2 * 3 = 6
I, [2022-08-27T15:12:23.943396 #73601]  INFO -- : 1 / 2 / 3 = 6
I, [2022-08-27T15:13:28.781099 #73879]  INFO -- : 1 - 2 - 3 = 6
I, [2022-08-27T15:13:28.782260 #73879]  INFO -- : 1 + 2 + 3 = 6
I, [2022-08-27T15:13:33.110669 #74136]  INFO -- : 1 + 2 + 3.0 = 6
I, [2022-08-27T15:13:33.111752 #74136]  INFO -- : 1 / 2 / 3 = 6
I, [2022-08-27T15:16:09.524043 #74313]  INFO -- : 1 - 2 - 3.0 = 6
I, [2022-08-27T15:16:09.524599 #74313]  INFO -- : 1 / 2 / 3 = 6
I, [2022-08-27T15:16:15.818606 #74892]  INFO -- : 1 + 2 + 3 = 6
I, [2022-08-27T15:16:15.819112 #74892]  INFO -- : 1 + 2 + 3.0 = 6
I, [2022-08-27T15:16:19.160513 #75034]  INFO -- : 1 - 2 - 3.0 = 6
I, [2022-08-27T15:16:19.161026 #75034]  INFO -- : 1 * 2 * 3 = 6
I, [2022-08-27T15:20:27.483722 #75854]  INFO -- : 1 - 2 - 3 = 6
I, [2022-08-27T15:20:27.484327 #75854]  INFO -- : 1 + 2 + 3.0 = 6
I, [2022-08-27T15:20:33.061281 #76014]  INFO -- : 1 - 2 - 3 = 6
I, [2022-08-27T15:20:33.061705 #76014]  INFO -- : 1 - 2 - 3 = 6
I, [2022-08-27T15:20:34.996648 #76154]  INFO -- : 1 * 2 * 3 = 6
I, [2022-08-27T15:20:34.997040 #76154]  INFO -- : 1 - 2 - 3 = 6
I, [2022-08-27T15:20:36.456904 #76285]  INFO -- : 1 + 2 + 3 = 6
I, [2022-08-27T15:20:36.458050 #76285]  INFO -- : 1 / 2 / 3 = 6
I, [2022-08-27T15:20:37.611813 #76413]  INFO -- : 1 * 2 * 3 = 6
I, [2022-08-27T15:20:37.612242 #76413]  INFO -- : 1 + 2 + 3 = 6
I, [2022-08-27T15:22:37.191052 #76835]  INFO -- : 1 * 2 * 3.0 = 6
I, [2022-08-27T15:22:37.191571 #76835]  INFO -- : 1 / 2 / 3 = 6
I, [2022-08-27T15:23:09.721943 #77041]  INFO -- : 1 * 2 * 3.0 = 6
I, [2022-08-27T15:23:09.722529 #77041]  INFO -- : 1 - 2 - 3 = 6
