# Logfile created on 2022-08-27 15:24:57 -0300 by logger.rb/v1.4.2
I, [2022-08-27T15:24:57.246851 #77493]  INFO -- : 1 * 2 * 3 = 6
I, [2022-08-27T15:24:57.247207 #77493]  INFO -- : 1 / 2 / 3 = 6
I, [2022-08-27T15:30:14.937783 #78146]  INFO -- : 1 - 2 - 3 = 6
I, [2022-08-27T15:30:14.938181 #78146]  INFO -- : 1 * 2 * 3 = 6
I, [2022-08-27T16:52:12.281006 #85464]  INFO -- : 1 * 2 * 3 = 6
I, [2022-08-27T16:52:12.281443 #85464]  INFO -- : 1 * 2 * 3.0 = 6
I, [2022-08-27T16:52:39.030529 #85679]  INFO -- : 1 / 2 / 3 = 6
I, [2022-08-27T16:52:39.031098 #85679]  INFO -- : 1 - 2 - 3 = 6
I, [2022-08-27T16:54:51.437839 #86433]  INFO -- : 1 - 2 - 3 = 6
I, [2022-08-27T16:54:51.438343 #86433]  INFO -- : 1 / 2 / 3 = 6
I, [2022-08-27T16:55:55.621134 #86684]  INFO -- : 1 + 2 + 3.0 = 6
I, [2022-08-27T16:55:55.621662 #86684]  INFO -- : 1 / 2 / 3 = 6
I, [2022-08-27T16:56:12.044485 #86877]  INFO -- : 1 - 2 - 3 = 6
I, [2022-08-27T16:56:12.045409 #86877]  INFO -- : 1 * 2 * 3 = 6
I, [2022-08-27T16:56:36.796713 #87059]  INFO -- : 1 + 2 + 3.0 = 6
I, [2022-08-27T16:56:36.797366 #87059]  INFO -- : 1 / 2 / 3 = 6
I, [2022-08-27T16:57:55.868800 #87305]  INFO -- : 1 / 2 / 3.0 = 6
I, [2022-08-27T16:57:55.869438 #87305]  INFO -- : 1 * 2 * 3 = 6
I, [2022-08-27T16:59:21.638337 #87683]  INFO -- : 1 / 2 / 3 = 6
I, [2022-08-27T16:59:21.640147 #87683]  INFO -- : 1 + 2 + 3 = 6
I, [2022-08-27T16:59:38.617122 #87867]  INFO -- : 1 * 2 * 3.0 = 6
I, [2022-08-27T16:59:38.617540 #87867]  INFO -- : 1 + 2 + 3 = 6
I, [2022-08-27T17:00:45.408225 #88141]  INFO -- : 1 + 2 + 3 = 6
I, [2022-08-27T17:00:45.409282 #88141]  INFO -- : 1 * 2 * 3 = 6
I, [2022-08-27T17:02:17.512434 #88477]  INFO -- : 1 + 2 + 3 = 6
I, [2022-08-27T17:02:17.512846 #88477]  INFO -- : 1 + 2 + 3.0 = 6
I, [2022-08-27T17:03:37.174765 #88684]  INFO -- : 1 + 2 + 3 = 6
I, [2022-08-27T17:03:37.175243 #88684]  INFO -- : 1 / 2 / 3.0 = 6
I, [2022-08-27T17:04:02.165653 #88987]  INFO -- : 1 - 2 - 3 = 6
I, [2022-08-27T17:04:02.165964 #88987]  INFO -- : 1 + 2 + 3 = 6
I, [2022-08-27T17:05:05.522783 #89229]  INFO -- : 1 / 2 / 3.0 = 6
I, [2022-08-27T17:05:05.524751 #89229]  INFO -- : 1 - 2 - 3 = 6
I, [2022-08-27T17:05:44.071049 #89689]  INFO -- : 1 + 2 + 3 = 6
I, [2022-08-27T17:05:44.071563 #89689]  INFO -- : 1 / 2 / 3.0 = 6
I, [2022-08-27T17:06:09.493098 #89913]  INFO -- : 1 * 2 * 3.0 = 6
I, [2022-08-27T17:06:09.494064 #89913]  INFO -- : 1 * 2 * 3.0 = 6
I, [2022-08-27T17:06:16.585132 #90061]  INFO -- : 1 - 2 - 3 = 6
I, [2022-08-27T17:06:16.585559 #90061]  INFO -- : 1 * 2 * 3.0 = 6
I, [2022-08-27T17:06:18.724258 #90198]  INFO -- : 1 + 2 + 3.0 = 6
I, [2022-08-27T17:06:18.724630 #90198]  INFO -- : 1 + 2 + 3.0 = 6
I, [2022-08-27T17:11:41.241770 #91364]  INFO -- : 1 - 2 - 3 = 6
I, [2022-08-27T17:11:41.242222 #91364]  INFO -- : 1 + 2 + 3.0 = 6
I, [2022-08-27T17:11:46.831802 #91532]  INFO -- : 1 - 2 - 3 = 6
I, [2022-08-27T17:11:46.832212 #91532]  INFO -- : 1 - 2 - 3 = 6
I, [2022-08-27T17:12:04.611313 #91726]  INFO -- : 1 - 2 - 3 = 6
I, [2022-08-27T17:12:04.611667 #91726]  INFO -- : 1 / 2 / 3 = 6
I, [2022-08-27T17:12:27.062177 #91928]  INFO -- : 1 - 2 - 3 = 6
I, [2022-08-27T17:12:27.062624 #91928]  INFO -- : 1 - 2 - 3 = 6
I, [2022-08-27T17:13:32.657448 #92183]  INFO -- : 1 + 2 + 3 = 6
I, [2022-08-27T17:13:32.657818 #92183]  INFO -- : 1 - 2 - 3 = 6
I, [2022-08-27T17:13:35.477754 #92320]  INFO -- : 1 - 2 - 3 = 6
I, [2022-08-27T17:13:35.478165 #92320]  INFO -- : 1 / 2 / 3.0 = 6
I, [2022-08-27T17:13:39.434735 #92473]  INFO -- : 1 + 2 + 3.0 = 6
I, [2022-08-27T17:13:39.435285 #92473]  INFO -- : 1 / 2 / 3 = 6
I, [2022-08-27T17:13:41.450678 #92606]  INFO -- : 1 - 2 - 3 = 6
I, [2022-08-27T17:13:41.451017 #92606]  INFO -- : 1 / 2 / 3 = 6
I, [2022-08-27T17:14:46.144984 #92854]  INFO -- : 1 * 2 * 3 = 6
I, [2022-08-27T17:14:46.145542 #92854]  INFO -- : 1 + 2 + 3.0 = 6
